<?xml version="1.0" encoding="UTF-8"?>
<testsuite name="FactorialTest" tests="6" skipped="0" failures="0" errors="0" timestamp="2022-07-14T07:28:44" hostname="ttnpl-4603" time="0.09">
  <properties/>
  <testcase name="shouldReturnOneHundredTwentyForFiveFactorial()" classname="FactorialTest" time="0.074"/>
  <testcase name="shouldReturnTwoForTwoFactorial()" classname="FactorialTest" time="0.002"/>
  <testcase name="shouldReturnOneForZeroFactorial()" classname="FactorialTest" time="0.001"/>
  <testcase name="shouldReturnSixForThreeFactorial()" classname="FactorialTest" time="0.002"/>
  <testcase name="shouldReturnOneForOneFactorial()" classname="FactorialTest" time="0.001"/>
  <testcase name="shouldReturnTwentyFourForFourFactorial()" classname="FactorialTest" time="0.001"/>
  <system-out><![CDATA[]]></system-out>
  <system-err><![CDATA[]]></system-err>
</testsuite>
